-- Install configuration: ""
-- Execute custom install script
-- Up-to-date symlink: /home/seav/project_ws/install/seav_bot/share/seav_bot/config/empty.yaml
-- Up-to-date symlink: /home/seav/project_ws/install/seav_bot/share/seav_bot/config/view_bot.rviz
-- Up-to-date symlink: /home/seav/project_ws/install/seav_bot/share/seav_bot/description/inertial_macros.xacro
-- Up-to-date symlink: /home/seav/project_ws/install/seav_bot/share/seav_bot/description/robot.urdf.xacro
-- Up-to-date symlink: /home/seav/project_ws/install/seav_bot/share/seav_bot/description/robot_core.xacro
-- Up-to-date symlink: /home/seav/project_ws/install/seav_bot/share/seav_bot/launch/launch_sim.launch.py
-- Up-to-date symlink: /home/seav/project_ws/install/seav_bot/share/seav_bot/launch/rsp.launch.py
-- Up-to-date symlink: /home/seav/project_ws/install/seav_bot/share/seav_bot/worlds/empty.world
-- Up-to-date symlink: /home/seav/project_ws/install/seav_bot/share/ament_index/resource_index/package_run_dependencies/seav_bot
-- Up-to-date symlink: /home/seav/project_ws/install/seav_bot/share/ament_index/resource_index/parent_prefix_path/seav_bot
-- Up-to-date symlink: /home/seav/project_ws/install/seav_bot/share/seav_bot/environment/ament_prefix_path.sh
-- Up-to-date symlink: /home/seav/project_ws/install/seav_bot/share/seav_bot/environment/ament_prefix_path.dsv
-- Up-to-date symlink: /home/seav/project_ws/install/seav_bot/share/seav_bot/environment/path.sh
-- Up-to-date symlink: /home/seav/project_ws/install/seav_bot/share/seav_bot/environment/path.dsv
-- Up-to-date symlink: /home/seav/project_ws/install/seav_bot/share/seav_bot/local_setup.bash
-- Up-to-date symlink: /home/seav/project_ws/install/seav_bot/share/seav_bot/local_setup.sh
-- Up-to-date symlink: /home/seav/project_ws/install/seav_bot/share/seav_bot/local_setup.zsh
-- Up-to-date symlink: /home/seav/project_ws/install/seav_bot/share/seav_bot/local_setup.dsv
-- Symlinking: /home/seav/project_ws/install/seav_bot/share/seav_bot/package.dsv
-- Up-to-date symlink: /home/seav/project_ws/install/seav_bot/share/ament_index/resource_index/packages/seav_bot
-- Up-to-date symlink: /home/seav/project_ws/install/seav_bot/share/seav_bot/cmake/seav_botConfig.cmake
-- Up-to-date symlink: /home/seav/project_ws/install/seav_bot/share/seav_bot/cmake/seav_botConfig-version.cmake
-- Up-to-date symlink: /home/seav/project_ws/install/seav_bot/share/seav_bot/package.xml
