[0.619s] Invoking command in '/home/seav/project_ws/build/serial_motor_demo': AMENT_PREFIX_PATH=/home/seav/project_ws/install/serial_motor_demo_msgs:${AMENT_PREFIX_PATH} CMAKE_PREFIX_PATH=/home/seav/project_ws/install/serial_motor_demo_msgs:${CMAKE_PREFIX_PATH} LD_LIBRARY_PATH=/home/seav/project_ws/install/serial_motor_demo_msgs/lib:/usr/lib/x86_64-linux-gnu/gazebo-11/plugins:/opt/ros/humble/opt/rviz_ogre_vendor/lib:/opt/ros/humble/lib/x86_64-linux-gnu:/opt/ros/humble/lib:/usr/share/gazebo/../../lib/x86_64-linux-gnu/gazebo-11/plugins PYTHONPATH=/home/seav/project_ws/build/serial_motor_demo/prefix_override:/usr/lib/python3/dist-packages/colcon_core/task/python/colcon_distutils_commands:/home/seav/project_ws/install/serial_motor_demo/lib/python3.10/site-packages:/home/seav/project_ws/install/serial_motor_demo_msgs/local/lib/python3.10/dist-packages:${PYTHONPATH} /usr/bin/python3 -W ignore:setup.py install is deprecated -W ignore:easy_install command is deprecated setup.py develop --editable --build-directory /home/seav/project_ws/build/serial_motor_demo/build --no-deps symlink_data
[0.808s] /usr/lib/python3/dist-packages/setuptools/dist.py:723: UserWarning: Usage of dash-separated 'script-dir' will not be supported in future versions. Please use the underscore name 'script_dir' instead
[0.808s]   warnings.warn(
[0.837s] running develop
[0.996s] running egg_info
[0.996s] creating serial_motor_demo.egg-info
[0.996s] writing serial_motor_demo.egg-info/PKG-INFO
[0.996s] writing dependency_links to serial_motor_demo.egg-info/dependency_links.txt
[0.996s] writing entry points to serial_motor_demo.egg-info/entry_points.txt
[0.996s] writing requirements to serial_motor_demo.egg-info/requires.txt
[0.996s] writing top-level names to serial_motor_demo.egg-info/top_level.txt
[0.996s] writing manifest file 'serial_motor_demo.egg-info/SOURCES.txt'
[0.998s] reading manifest file 'serial_motor_demo.egg-info/SOURCES.txt'
[0.998s] writing manifest file 'serial_motor_demo.egg-info/SOURCES.txt'
[0.999s] running build_ext
[0.999s] Creating /home/seav/project_ws/install/serial_motor_demo/lib/python3.10/site-packages/serial-motor-demo.egg-link (link to .)
[1.000s] Installing driver script to /home/seav/project_ws/install/serial_motor_demo/lib/serial_motor_demo
[1.000s] Installing gui script to /home/seav/project_ws/install/serial_motor_demo/lib/serial_motor_demo
[1.000s] 
[1.000s] Installed /home/seav/project_ws/build/serial_motor_demo
[1.000s] running symlink_data
[1.000s] creating /home/seav/project_ws/install/serial_motor_demo/share/ament_index
[1.000s] creating /home/seav/project_ws/install/serial_motor_demo/share/ament_index/resource_index
[1.000s] creating /home/seav/project_ws/install/serial_motor_demo/share/ament_index/resource_index/packages
[1.000s] symbolically linking /home/seav/project_ws/build/serial_motor_demo/resource/serial_motor_demo -> /home/seav/project_ws/install/serial_motor_demo/share/ament_index/resource_index/packages
[1.000s] symbolically linking /home/seav/project_ws/build/serial_motor_demo/package.xml -> /home/seav/project_ws/install/serial_motor_demo/share/serial_motor_demo
[1.018s] Invoked command in '/home/seav/project_ws/build/serial_motor_demo' returned '0': AMENT_PREFIX_PATH=/home/seav/project_ws/install/serial_motor_demo_msgs:${AMENT_PREFIX_PATH} CMAKE_PREFIX_PATH=/home/seav/project_ws/install/serial_motor_demo_msgs:${CMAKE_PREFIX_PATH} LD_LIBRARY_PATH=/home/seav/project_ws/install/serial_motor_demo_msgs/lib:/usr/lib/x86_64-linux-gnu/gazebo-11/plugins:/opt/ros/humble/opt/rviz_ogre_vendor/lib:/opt/ros/humble/lib/x86_64-linux-gnu:/opt/ros/humble/lib:/usr/share/gazebo/../../lib/x86_64-linux-gnu/gazebo-11/plugins PYTHONPATH=/home/seav/project_ws/build/serial_motor_demo/prefix_override:/usr/lib/python3/dist-packages/colcon_core/task/python/colcon_distutils_commands:/home/seav/project_ws/install/serial_motor_demo/lib/python3.10/site-packages:/home/seav/project_ws/install/serial_motor_demo_msgs/local/lib/python3.10/dist-packages:${PYTHONPATH} /usr/bin/python3 -W ignore:setup.py install is deprecated -W ignore:easy_install command is deprecated setup.py develop --editable --build-directory /home/seav/project_ws/build/serial_motor_demo/build --no-deps symlink_data
