[0.015s] Invoking command in '/home/seav/project_ws/build/seav_bot': CMAKE_PREFIX_PATH=${CMAKE_PREFIX_PATH}:/home/seav/ss25/install/wheel_odometry:/home/seav/ss25/install/seav_nav2:/home/seav/ss25/install/fake_odometry:/home/seav/ss25/install/bringup_pkg:/opt/ros/humble /usr/bin/cmake --build /home/seav/project_ws/build/seav_bot -- -j8 -l8
[0.085s] Invoked command in '/home/seav/project_ws/build/seav_bot' returned '0': CMAKE_PREFIX_PATH=${CMAKE_PREFIX_PATH}:/home/seav/ss25/install/wheel_odometry:/home/seav/ss25/install/seav_nav2:/home/seav/ss25/install/fake_odometry:/home/seav/ss25/install/bringup_pkg:/opt/ros/humble /usr/bin/cmake --build /home/seav/project_ws/build/seav_bot -- -j8 -l8
[0.100s] Invoking command in '/home/seav/project_ws/build/seav_bot': CMAKE_PREFIX_PATH=${CMAKE_PREFIX_PATH}:/home/seav/ss25/install/wheel_odometry:/home/seav/ss25/install/seav_nav2:/home/seav/ss25/install/fake_odometry:/home/seav/ss25/install/bringup_pkg:/opt/ros/humble /usr/bin/cmake --install /home/seav/project_ws/build/seav_bot
[0.108s] -- Install configuration: ""
[0.119s] -- Execute custom install script
[0.120s] -- Up-to-date symlink: /home/seav/project_ws/install/seav_bot/share/seav_bot/config/empty.yaml
[0.120s] -- Up-to-date symlink: /home/seav/project_ws/install/seav_bot/share/seav_bot/config/view_bot.rviz
[0.120s] -- Up-to-date symlink: /home/seav/project_ws/install/seav_bot/share/seav_bot/description/gazebo_control.xacro
[0.121s] -- Up-to-date symlink: /home/seav/project_ws/install/seav_bot/share/seav_bot/description/inertial_macros.xacro
[0.121s] -- Up-to-date symlink: /home/seav/project_ws/install/seav_bot/share/seav_bot/description/robot.urdf.xacro
[0.121s] -- Up-to-date symlink: /home/seav/project_ws/install/seav_bot/share/seav_bot/description/robot_core.xacro
[0.122s] -- Up-to-date symlink: /home/seav/project_ws/install/seav_bot/share/seav_bot/launch/launch_sim.launch.py
[0.122s] -- Up-to-date symlink: /home/seav/project_ws/install/seav_bot/share/seav_bot/launch/rsp.launch.py
[0.122s] -- Up-to-date symlink: /home/seav/project_ws/install/seav_bot/share/seav_bot/worlds/empty.world
[0.122s] -- Symlinking: /home/seav/project_ws/install/seav_bot/share/seav_bot/worlds/obstacles.world
[0.132s] -- Up-to-date symlink: /home/seav/project_ws/install/seav_bot/share/ament_index/resource_index/package_run_dependencies/seav_bot
[0.132s] -- Up-to-date symlink: /home/seav/project_ws/install/seav_bot/share/ament_index/resource_index/parent_prefix_path/seav_bot
[0.133s] -- Up-to-date symlink: /home/seav/project_ws/install/seav_bot/share/seav_bot/environment/ament_prefix_path.sh
[0.133s] -- Up-to-date symlink: /home/seav/project_ws/install/seav_bot/share/seav_bot/environment/ament_prefix_path.dsv
[0.133s] -- Up-to-date symlink: /home/seav/project_ws/install/seav_bot/share/seav_bot/environment/path.sh
[0.133s] -- Up-to-date symlink: /home/seav/project_ws/install/seav_bot/share/seav_bot/environment/path.dsv
[0.134s] -- Up-to-date symlink: /home/seav/project_ws/install/seav_bot/share/seav_bot/local_setup.bash
[0.134s] -- Up-to-date symlink: /home/seav/project_ws/install/seav_bot/share/seav_bot/local_setup.sh
[0.134s] -- Up-to-date symlink: /home/seav/project_ws/install/seav_bot/share/seav_bot/local_setup.zsh
[0.134s] -- Up-to-date symlink: /home/seav/project_ws/install/seav_bot/share/seav_bot/local_setup.dsv
[0.134s] -- Symlinking: /home/seav/project_ws/install/seav_bot/share/seav_bot/package.dsv
[0.145s] -- Up-to-date symlink: /home/seav/project_ws/install/seav_bot/share/ament_index/resource_index/packages/seav_bot
[0.145s] -- Up-to-date symlink: /home/seav/project_ws/install/seav_bot/share/seav_bot/cmake/seav_botConfig.cmake
[0.145s] -- Up-to-date symlink: /home/seav/project_ws/install/seav_bot/share/seav_bot/cmake/seav_botConfig-version.cmake
[0.145s] -- Up-to-date symlink: /home/seav/project_ws/install/seav_bot/share/seav_bot/package.xml
[0.147s] Invoked command in '/home/seav/project_ws/build/seav_bot' returned '0': CMAKE_PREFIX_PATH=${CMAKE_PREFIX_PATH}:/home/seav/ss25/install/wheel_odometry:/home/seav/ss25/install/seav_nav2:/home/seav/ss25/install/fake_odometry:/home/seav/ss25/install/bringup_pkg:/opt/ros/humble /usr/bin/cmake --install /home/seav/project_ws/build/seav_bot
