[0.008s] Invoking command in '/home/seav/project_ws/build/seav_bot': CMAKE_PREFIX_PATH=${CMAKE_PREFIX_PATH}:/home/seav/ss25/install/wheel_odometry:/home/seav/ss25/install/seav_nav2:/home/seav/ss25/install/fake_odometry:/home/seav/ss25/install/bringup_pkg:/opt/ros/humble /usr/bin/cmake /home/seav/project_ws/src/my_bot -DAMENT_CMAKE_SYMLINK_INSTALL=1 -DCMAKE_INSTALL_PREFIX=/home/seav/project_ws/install/seav_bot
[0.196s] -- The C compiler identification is GNU 11.4.0
[0.381s] -- The CXX compiler identification is GNU 11.4.0
[0.391s] -- Detecting C compiler ABI info
[0.478s] -- Detecting C compiler ABI info - done
[0.488s] -- Check for working C compiler: /usr/bin/cc - skipped
[0.488s] -- Detecting C compile features
[0.489s] -- Detecting C compile features - done
[0.493s] -- Detecting CXX compiler ABI info
[0.581s] -- Detecting CXX compiler ABI info - done
[0.588s] -- Check for working CXX compiler: /usr/bin/c++ - skipped
[0.588s] -- Detecting CXX compile features
[0.588s] -- Detecting CXX compile features - done
[0.629s] -- Found ament_cmake: 1.3.11 (/opt/ros/humble/share/ament_cmake/cmake)
[0.782s] -- Found Python3: /usr/bin/python3 (found version "3.10.12") found components: Interpreter 
[0.834s] -- Override CMake install command with custom implementation using symlinks instead of copying resources
[0.871s] -- Found ament_lint_auto: 0.12.12 (/opt/ros/humble/share/ament_lint_auto/cmake)
[0.950s] -- Added test 'copyright' to check source files copyright and LICENSE
[0.952s] -- Added test 'flake8' to check Python code syntax and style conventions
[0.952s] -- Added test 'lint_cmake' to check CMake code style
[0.953s] -- Added test 'pep257' to check Python code against some of the docstring style conventions in PEP 257
[0.954s] -- Added test 'xmllint' to check XML markup files
[0.956s] -- Configuring done
[0.958s] -- Generating done
[0.959s] -- Build files have been written to: /home/seav/project_ws/build/seav_bot
[0.962s] Invoked command in '/home/seav/project_ws/build/seav_bot' returned '0': CMAKE_PREFIX_PATH=${CMAKE_PREFIX_PATH}:/home/seav/ss25/install/wheel_odometry:/home/seav/ss25/install/seav_nav2:/home/seav/ss25/install/fake_odometry:/home/seav/ss25/install/bringup_pkg:/opt/ros/humble /usr/bin/cmake /home/seav/project_ws/src/my_bot -DAMENT_CMAKE_SYMLINK_INSTALL=1 -DCMAKE_INSTALL_PREFIX=/home/seav/project_ws/install/seav_bot
[0.964s] Invoking command in '/home/seav/project_ws/build/seav_bot': CMAKE_PREFIX_PATH=${CMAKE_PREFIX_PATH}:/home/seav/ss25/install/wheel_odometry:/home/seav/ss25/install/seav_nav2:/home/seav/ss25/install/fake_odometry:/home/seav/ss25/install/bringup_pkg:/opt/ros/humble /usr/bin/cmake --build /home/seav/project_ws/build/seav_bot -- -j8 -l8
[0.993s] Invoked command in '/home/seav/project_ws/build/seav_bot' returned '0': CMAKE_PREFIX_PATH=${CMAKE_PREFIX_PATH}:/home/seav/ss25/install/wheel_odometry:/home/seav/ss25/install/seav_nav2:/home/seav/ss25/install/fake_odometry:/home/seav/ss25/install/bringup_pkg:/opt/ros/humble /usr/bin/cmake --build /home/seav/project_ws/build/seav_bot -- -j8 -l8
[1.000s] Invoking command in '/home/seav/project_ws/build/seav_bot': CMAKE_PREFIX_PATH=${CMAKE_PREFIX_PATH}:/home/seav/ss25/install/wheel_odometry:/home/seav/ss25/install/seav_nav2:/home/seav/ss25/install/fake_odometry:/home/seav/ss25/install/bringup_pkg:/opt/ros/humble /usr/bin/cmake --install /home/seav/project_ws/build/seav_bot
[1.007s] -- Install configuration: ""
[1.007s] -- Execute custom install script
[1.007s] -- Symlinking: /home/seav/project_ws/install/seav_bot/share/seav_bot/config/empty.yaml
[1.014s] -- Symlinking: /home/seav/project_ws/install/seav_bot/share/seav_bot/config/view_bot.rviz
[1.022s] -- Symlinking: /home/seav/project_ws/install/seav_bot/share/seav_bot/description/inertial_macros.xacro
[1.029s] -- Symlinking: /home/seav/project_ws/install/seav_bot/share/seav_bot/description/robot.urdf.xacro
[1.036s] -- Symlinking: /home/seav/project_ws/install/seav_bot/share/seav_bot/description/robot_core.xacro
[1.043s] -- Symlinking: /home/seav/project_ws/install/seav_bot/share/seav_bot/launch/launch_sim.launch.py
[1.050s] -- Symlinking: /home/seav/project_ws/install/seav_bot/share/seav_bot/launch/rsp.launch.py
[1.057s] -- Symlinking: /home/seav/project_ws/install/seav_bot/share/seav_bot/worlds/empty.world
[1.064s] -- Symlinking: /home/seav/project_ws/install/seav_bot/share/ament_index/resource_index/package_run_dependencies/seav_bot
[1.071s] -- Symlinking: /home/seav/project_ws/install/seav_bot/share/ament_index/resource_index/parent_prefix_path/seav_bot
[1.077s] -- Symlinking: /home/seav/project_ws/install/seav_bot/share/seav_bot/environment/ament_prefix_path.sh
[1.084s] -- Symlinking: /home/seav/project_ws/install/seav_bot/share/seav_bot/environment/ament_prefix_path.dsv
[1.090s] -- Symlinking: /home/seav/project_ws/install/seav_bot/share/seav_bot/environment/path.sh
[1.097s] -- Symlinking: /home/seav/project_ws/install/seav_bot/share/seav_bot/environment/path.dsv
[1.104s] -- Symlinking: /home/seav/project_ws/install/seav_bot/share/seav_bot/local_setup.bash
[1.111s] -- Symlinking: /home/seav/project_ws/install/seav_bot/share/seav_bot/local_setup.sh
[1.117s] -- Symlinking: /home/seav/project_ws/install/seav_bot/share/seav_bot/local_setup.zsh
[1.124s] -- Symlinking: /home/seav/project_ws/install/seav_bot/share/seav_bot/local_setup.dsv
[1.131s] -- Symlinking: /home/seav/project_ws/install/seav_bot/share/seav_bot/package.dsv
[1.138s] -- Symlinking: /home/seav/project_ws/install/seav_bot/share/ament_index/resource_index/packages/seav_bot
[1.144s] -- Symlinking: /home/seav/project_ws/install/seav_bot/share/seav_bot/cmake/seav_botConfig.cmake
[1.151s] -- Symlinking: /home/seav/project_ws/install/seav_bot/share/seav_bot/cmake/seav_botConfig-version.cmake
[1.158s] -- Symlinking: /home/seav/project_ws/install/seav_bot/share/seav_bot/package.xml
[1.166s] Invoked command in '/home/seav/project_ws/build/seav_bot' returned '0': CMAKE_PREFIX_PATH=${CMAKE_PREFIX_PATH}:/home/seav/ss25/install/wheel_odometry:/home/seav/ss25/install/seav_nav2:/home/seav/ss25/install/fake_odometry:/home/seav/ss25/install/bringup_pkg:/opt/ros/humble /usr/bin/cmake --install /home/seav/project_ws/build/seav_bot
