[0.069s] Invoking command in '/home/seav/project_ws/build/seav_bot': CMAKE_PREFIX_PATH=${CMAKE_PREFIX_PATH}:/home/seav/ss25/install/wheel_odometry:/home/seav/ss25/install/seav_nav2:/home/seav/ss25/install/fake_odometry:/home/seav/ss25/install/bringup_pkg:/opt/ros/humble /usr/bin/cmake --build /home/seav/project_ws/build/seav_bot -- -j8 -l8
[0.117s] Invoked command in '/home/seav/project_ws/build/seav_bot' returned '0': CMAKE_PREFIX_PATH=${CMAKE_PREFIX_PATH}:/home/seav/ss25/install/wheel_odometry:/home/seav/ss25/install/seav_nav2:/home/seav/ss25/install/fake_odometry:/home/seav/ss25/install/bringup_pkg:/opt/ros/humble /usr/bin/cmake --build /home/seav/project_ws/build/seav_bot -- -j8 -l8
[0.171s] Invoking command in '/home/seav/project_ws/build/seav_bot': CMAKE_PREFIX_PATH=${CMAKE_PREFIX_PATH}:/home/seav/ss25/install/wheel_odometry:/home/seav/ss25/install/seav_nav2:/home/seav/ss25/install/fake_odometry:/home/seav/ss25/install/bringup_pkg:/opt/ros/humble /usr/bin/cmake --install /home/seav/project_ws/build/seav_bot
[0.183s] -- Install configuration: ""
[0.184s] -- Execute custom install script
[0.184s] -- Up-to-date symlink: /home/seav/project_ws/install/seav_bot/share/seav_bot/config/empty.yaml
[0.184s] -- Up-to-date symlink: /home/seav/project_ws/install/seav_bot/share/seav_bot/config/view_bot.rviz
[0.185s] -- Up-to-date symlink: /home/seav/project_ws/install/seav_bot/share/seav_bot/description/gazebo_control.xacro
[0.185s] -- Up-to-date symlink: /home/seav/project_ws/install/seav_bot/share/seav_bot/description/inertial_macros.xacro
[0.186s] -- Up-to-date symlink: /home/seav/project_ws/install/seav_bot/share/seav_bot/description/robot.urdf.xacro
[0.186s] -- Up-to-date symlink: /home/seav/project_ws/install/seav_bot/share/seav_bot/description/robot_core.xacro
[0.186s] -- Up-to-date symlink: /home/seav/project_ws/install/seav_bot/share/seav_bot/launch/launch_sim.launch.py
[0.187s] -- Up-to-date symlink: /home/seav/project_ws/install/seav_bot/share/seav_bot/launch/rsp.launch.py
[0.187s] -- Up-to-date symlink: /home/seav/project_ws/install/seav_bot/share/seav_bot/worlds/empty.world
[0.187s] -- Up-to-date symlink: /home/seav/project_ws/install/seav_bot/share/seav_bot/worlds/obstacles.world
[0.188s] -- Up-to-date symlink: /home/seav/project_ws/install/seav_bot/share/ament_index/resource_index/package_run_dependencies/seav_bot
[0.188s] -- Up-to-date symlink: /home/seav/project_ws/install/seav_bot/share/ament_index/resource_index/parent_prefix_path/seav_bot
[0.188s] -- Up-to-date symlink: /home/seav/project_ws/install/seav_bot/share/seav_bot/environment/ament_prefix_path.sh
[0.188s] -- Up-to-date symlink: /home/seav/project_ws/install/seav_bot/share/seav_bot/environment/ament_prefix_path.dsv
[0.189s] -- Up-to-date symlink: /home/seav/project_ws/install/seav_bot/share/seav_bot/environment/path.sh
[0.189s] -- Up-to-date symlink: /home/seav/project_ws/install/seav_bot/share/seav_bot/environment/path.dsv
[0.189s] -- Up-to-date symlink: /home/seav/project_ws/install/seav_bot/share/seav_bot/local_setup.bash
[0.189s] -- Up-to-date symlink: /home/seav/project_ws/install/seav_bot/share/seav_bot/local_setup.sh
[0.190s] -- Up-to-date symlink: /home/seav/project_ws/install/seav_bot/share/seav_bot/local_setup.zsh
[0.190s] -- Up-to-date symlink: /home/seav/project_ws/install/seav_bot/share/seav_bot/local_setup.dsv
[0.190s] -- Symlinking: /home/seav/project_ws/install/seav_bot/share/seav_bot/package.dsv
[0.199s] -- Up-to-date symlink: /home/seav/project_ws/install/seav_bot/share/ament_index/resource_index/packages/seav_bot
[0.199s] -- Up-to-date symlink: /home/seav/project_ws/install/seav_bot/share/seav_bot/cmake/seav_botConfig.cmake
[0.199s] -- Up-to-date symlink: /home/seav/project_ws/install/seav_bot/share/seav_bot/cmake/seav_botConfig-version.cmake
[0.199s] -- Up-to-date symlink: /home/seav/project_ws/install/seav_bot/share/seav_bot/package.xml
[0.201s] Invoked command in '/home/seav/project_ws/build/seav_bot' returned '0': CMAKE_PREFIX_PATH=${CMAKE_PREFIX_PATH}:/home/seav/ss25/install/wheel_odometry:/home/seav/ss25/install/seav_nav2:/home/seav/ss25/install/fake_odometry:/home/seav/ss25/install/bringup_pkg:/opt/ros/humble /usr/bin/cmake --install /home/seav/project_ws/build/seav_bot
