[0.009s] Invoking command in '/home/seav/project_ws/build/my_bot': CMAKE_PREFIX_PATH=${CMAKE_PREFIX_PATH}:/home/seav/project_ws/install/serial_motor_demo:/home/seav/ss25/install/wheel_odometry:/home/seav/ss25/install/seav_nav2:/home/seav/ss25/install/fake_odometry:/home/seav/ss25/install/bringup_pkg:/opt/ros/humble /usr/bin/cmake --build /home/seav/project_ws/build/my_bot -- -j8 -l8
[0.027s] -- Found ament_cmake: 1.3.11 (/opt/ros/humble/share/ament_cmake/cmake)
[0.122s] -- Override CMake install command with custom implementation using symlinks instead of copying resources
[0.128s] -- Found ament_lint_auto: 0.12.12 (/opt/ros/humble/share/ament_lint_auto/cmake)
[0.182s] -- Added test 'copyright' to check source files copyright and LICENSE
[0.184s] -- Added test 'flake8' to check Python code syntax and style conventions
[0.184s] -- Added test 'lint_cmake' to check CMake code style
[0.184s] -- Added test 'pep257' to check Python code against some of the docstring style conventions in PEP 257
[0.185s] -- Added test 'xmllint' to check XML markup files
[0.186s] -- Configuring done
[0.189s] -- Generating done
[0.190s] -- Build files have been written to: /home/seav/project_ws/build/my_bot
[0.206s] Invoked command in '/home/seav/project_ws/build/my_bot' returned '0': CMAKE_PREFIX_PATH=${CMAKE_PREFIX_PATH}:/home/seav/project_ws/install/serial_motor_demo:/home/seav/ss25/install/wheel_odometry:/home/seav/ss25/install/seav_nav2:/home/seav/ss25/install/fake_odometry:/home/seav/ss25/install/bringup_pkg:/opt/ros/humble /usr/bin/cmake --build /home/seav/project_ws/build/my_bot -- -j8 -l8
[0.214s] Invoking command in '/home/seav/project_ws/build/my_bot': CMAKE_PREFIX_PATH=${CMAKE_PREFIX_PATH}:/home/seav/project_ws/install/serial_motor_demo:/home/seav/ss25/install/wheel_odometry:/home/seav/ss25/install/seav_nav2:/home/seav/ss25/install/fake_odometry:/home/seav/ss25/install/bringup_pkg:/opt/ros/humble /usr/bin/cmake --install /home/seav/project_ws/build/my_bot
[0.220s] -- Install configuration: ""
[0.220s] -- Execute custom install script
[0.221s] -- Up-to-date symlink: /home/seav/project_ws/install/my_bot/share/my_bot/config/empty.yaml
[0.221s] -- Up-to-date symlink: /home/seav/project_ws/install/my_bot/share/my_bot/config/view_bot.rviz
[0.221s] -- Up-to-date symlink: /home/seav/project_ws/install/my_bot/share/my_bot/description/gazebo_control.xacro
[0.221s] -- Up-to-date symlink: /home/seav/project_ws/install/my_bot/share/my_bot/description/inertial_macros.xacro
[0.221s] -- Symlinking: /home/seav/project_ws/install/my_bot/share/my_bot/description/lidar.xacro
[0.228s] -- Up-to-date symlink: /home/seav/project_ws/install/my_bot/share/my_bot/description/robot.urdf.xacro
[0.228s] -- Up-to-date symlink: /home/seav/project_ws/install/my_bot/share/my_bot/description/robot_core.xacro
[0.229s] -- Up-to-date symlink: /home/seav/project_ws/install/my_bot/share/my_bot/launch/launch_sim.launch.py
[0.229s] -- Up-to-date symlink: /home/seav/project_ws/install/my_bot/share/my_bot/launch/rsp.launch.py
[0.229s] -- Up-to-date symlink: /home/seav/project_ws/install/my_bot/share/my_bot/worlds/empty.world
[0.229s] -- Up-to-date symlink: /home/seav/project_ws/install/my_bot/share/my_bot/worlds/obstacles.world
[0.229s] -- Up-to-date symlink: /home/seav/project_ws/install/my_bot/share/ament_index/resource_index/package_run_dependencies/my_bot
[0.229s] -- Up-to-date symlink: /home/seav/project_ws/install/my_bot/share/ament_index/resource_index/parent_prefix_path/my_bot
[0.229s] -- Up-to-date symlink: /home/seav/project_ws/install/my_bot/share/my_bot/environment/ament_prefix_path.sh
[0.229s] -- Up-to-date symlink: /home/seav/project_ws/install/my_bot/share/my_bot/environment/ament_prefix_path.dsv
[0.229s] -- Up-to-date symlink: /home/seav/project_ws/install/my_bot/share/my_bot/environment/path.sh
[0.230s] -- Up-to-date symlink: /home/seav/project_ws/install/my_bot/share/my_bot/environment/path.dsv
[0.230s] -- Up-to-date symlink: /home/seav/project_ws/install/my_bot/share/my_bot/local_setup.bash
[0.230s] -- Up-to-date symlink: /home/seav/project_ws/install/my_bot/share/my_bot/local_setup.sh
[0.230s] -- Up-to-date symlink: /home/seav/project_ws/install/my_bot/share/my_bot/local_setup.zsh
[0.230s] -- Up-to-date symlink: /home/seav/project_ws/install/my_bot/share/my_bot/local_setup.dsv
[0.230s] -- Symlinking: /home/seav/project_ws/install/my_bot/share/my_bot/package.dsv
[0.237s] -- Up-to-date symlink: /home/seav/project_ws/install/my_bot/share/ament_index/resource_index/packages/my_bot
[0.237s] -- Up-to-date symlink: /home/seav/project_ws/install/my_bot/share/my_bot/cmake/my_botConfig.cmake
[0.237s] -- Up-to-date symlink: /home/seav/project_ws/install/my_bot/share/my_bot/cmake/my_botConfig-version.cmake
[0.238s] -- Up-to-date symlink: /home/seav/project_ws/install/my_bot/share/my_bot/package.xml
[0.239s] Invoked command in '/home/seav/project_ws/build/my_bot' returned '0': CMAKE_PREFIX_PATH=${CMAKE_PREFIX_PATH}:/home/seav/project_ws/install/serial_motor_demo:/home/seav/ss25/install/wheel_odometry:/home/seav/ss25/install/seav_nav2:/home/seav/ss25/install/fake_odometry:/home/seav/ss25/install/bringup_pkg:/opt/ros/humble /usr/bin/cmake --install /home/seav/project_ws/build/my_bot
