[0.009s] Invoking command in '/home/seav/project_ws/build/my_bot': CMAKE_PREFIX_PATH=${CMAKE_PREFIX_PATH}:/home/seav/project_ws/install/serial_motor_demo:/home/seav/ss25/install/wheel_odometry:/home/seav/ss25/install/seav_nav2:/home/seav/ss25/install/fake_odometry:/home/seav/ss25/install/bringup_pkg:/opt/ros/humble /usr/bin/cmake --build /home/seav/project_ws/build/my_bot -- -j8 -l8
[0.038s] Invoked command in '/home/seav/project_ws/build/my_bot' returned '0': CMAKE_PREFIX_PATH=${CMAKE_PREFIX_PATH}:/home/seav/project_ws/install/serial_motor_demo:/home/seav/ss25/install/wheel_odometry:/home/seav/ss25/install/seav_nav2:/home/seav/ss25/install/fake_odometry:/home/seav/ss25/install/bringup_pkg:/opt/ros/humble /usr/bin/cmake --build /home/seav/project_ws/build/my_bot -- -j8 -l8
[0.045s] Invoking command in '/home/seav/project_ws/build/my_bot': CMAKE_PREFIX_PATH=${CMAKE_PREFIX_PATH}:/home/seav/project_ws/install/serial_motor_demo:/home/seav/ss25/install/wheel_odometry:/home/seav/ss25/install/seav_nav2:/home/seav/ss25/install/fake_odometry:/home/seav/ss25/install/bringup_pkg:/opt/ros/humble /usr/bin/cmake --install /home/seav/project_ws/build/my_bot
[0.051s] -- Install configuration: ""
[0.051s] -- Execute custom install script
[0.051s] -- Up-to-date symlink: /home/seav/project_ws/install/my_bot/share/my_bot/config/empty.yaml
[0.051s] -- Up-to-date symlink: /home/seav/project_ws/install/my_bot/share/my_bot/config/view_bot.rviz
[0.052s] -- Up-to-date symlink: /home/seav/project_ws/install/my_bot/share/my_bot/description/gazebo_control.xacro
[0.052s] -- Up-to-date symlink: /home/seav/project_ws/install/my_bot/share/my_bot/description/inertial_macros.xacro
[0.052s] -- Up-to-date symlink: /home/seav/project_ws/install/my_bot/share/my_bot/description/lidar.xacro
[0.052s] -- Up-to-date symlink: /home/seav/project_ws/install/my_bot/share/my_bot/description/robot.urdf.xacro
[0.052s] -- Up-to-date symlink: /home/seav/project_ws/install/my_bot/share/my_bot/description/robot_core.xacro
[0.052s] -- Up-to-date symlink: /home/seav/project_ws/install/my_bot/share/my_bot/launch/launch_sim.launch.py
[0.052s] -- Up-to-date symlink: /home/seav/project_ws/install/my_bot/share/my_bot/launch/rsp.launch.py
[0.052s] -- Up-to-date symlink: /home/seav/project_ws/install/my_bot/share/my_bot/worlds/empty.world
[0.052s] -- Up-to-date symlink: /home/seav/project_ws/install/my_bot/share/my_bot/worlds/obstacles.world
[0.052s] -- Up-to-date symlink: /home/seav/project_ws/install/my_bot/share/ament_index/resource_index/package_run_dependencies/my_bot
[0.053s] -- Up-to-date symlink: /home/seav/project_ws/install/my_bot/share/ament_index/resource_index/parent_prefix_path/my_bot
[0.053s] -- Up-to-date symlink: /home/seav/project_ws/install/my_bot/share/my_bot/environment/ament_prefix_path.sh
[0.053s] -- Up-to-date symlink: /home/seav/project_ws/install/my_bot/share/my_bot/environment/ament_prefix_path.dsv
[0.053s] -- Up-to-date symlink: /home/seav/project_ws/install/my_bot/share/my_bot/environment/path.sh
[0.053s] -- Up-to-date symlink: /home/seav/project_ws/install/my_bot/share/my_bot/environment/path.dsv
[0.053s] -- Up-to-date symlink: /home/seav/project_ws/install/my_bot/share/my_bot/local_setup.bash
[0.053s] -- Up-to-date symlink: /home/seav/project_ws/install/my_bot/share/my_bot/local_setup.sh
[0.053s] -- Up-to-date symlink: /home/seav/project_ws/install/my_bot/share/my_bot/local_setup.zsh
[0.053s] -- Up-to-date symlink: /home/seav/project_ws/install/my_bot/share/my_bot/local_setup.dsv
[0.054s] -- Symlinking: /home/seav/project_ws/install/my_bot/share/my_bot/package.dsv
[0.060s] -- Up-to-date symlink: /home/seav/project_ws/install/my_bot/share/ament_index/resource_index/packages/my_bot
[0.061s] -- Up-to-date symlink: /home/seav/project_ws/install/my_bot/share/my_bot/cmake/my_botConfig.cmake
[0.061s] -- Up-to-date symlink: /home/seav/project_ws/install/my_bot/share/my_bot/cmake/my_botConfig-version.cmake
[0.061s] -- Up-to-date symlink: /home/seav/project_ws/install/my_bot/share/my_bot/package.xml
[0.062s] Invoked command in '/home/seav/project_ws/build/my_bot' returned '0': CMAKE_PREFIX_PATH=${CMAKE_PREFIX_PATH}:/home/seav/project_ws/install/serial_motor_demo:/home/seav/ss25/install/wheel_odometry:/home/seav/ss25/install/seav_nav2:/home/seav/ss25/install/fake_odometry:/home/seav/ss25/install/bringup_pkg:/opt/ros/humble /usr/bin/cmake --install /home/seav/project_ws/build/my_bot
