[0.498s] Invoking command in '/home/seav/project_ws/build/serial_motor_demo': LD_LIBRARY_PATH=/home/seav/project_ws/install/serial_motor_demo_msgs/lib:/usr/lib/x86_64-linux-gnu/gazebo-11/plugins:/opt/ros/humble/opt/rviz_ogre_vendor/lib:/opt/ros/humble/lib/x86_64-linux-gnu:/opt/ros/humble/lib:/usr/share/gazebo/../../lib/x86_64-linux-gnu/gazebo-11/plugins PYTHONPATH=/home/seav/project_ws/build/serial_motor_demo/prefix_override:/usr/lib/python3/dist-packages/colcon_core/task/python/colcon_distutils_commands:/home/seav/project_ws/install/serial_motor_demo/lib/python3.10/site-packages:${PYTHONPATH} /usr/bin/python3 -W ignore:setup.py install is deprecated -W ignore:easy_install command is deprecated setup.py develop --editable --build-directory /home/seav/project_ws/build/serial_motor_demo/build --no-deps symlink_data
[0.686s] /usr/lib/python3/dist-packages/setuptools/dist.py:723: UserWarning: Usage of dash-separated 'script-dir' will not be supported in future versions. Please use the underscore name 'script_dir' instead
[0.686s]   warnings.warn(
[0.708s] running develop
[0.851s] running egg_info
[0.851s] writing serial_motor_demo.egg-info/PKG-INFO
[0.852s] writing dependency_links to serial_motor_demo.egg-info/dependency_links.txt
[0.852s] writing entry points to serial_motor_demo.egg-info/entry_points.txt
[0.852s] writing requirements to serial_motor_demo.egg-info/requires.txt
[0.852s] writing top-level names to serial_motor_demo.egg-info/top_level.txt
[0.853s] reading manifest file 'serial_motor_demo.egg-info/SOURCES.txt'
[0.854s] writing manifest file 'serial_motor_demo.egg-info/SOURCES.txt'
[0.855s] running build_ext
[0.855s] Creating /home/seav/project_ws/install/serial_motor_demo/lib/python3.10/site-packages/serial-motor-demo.egg-link (link to .)
[0.856s] Installing driver script to /home/seav/project_ws/install/serial_motor_demo/lib/serial_motor_demo
[0.856s] Installing gui script to /home/seav/project_ws/install/serial_motor_demo/lib/serial_motor_demo
[0.856s] 
[0.856s] Installed /home/seav/project_ws/build/serial_motor_demo
[0.856s] running symlink_data
[0.874s] Invoked command in '/home/seav/project_ws/build/serial_motor_demo' returned '0': LD_LIBRARY_PATH=/home/seav/project_ws/install/serial_motor_demo_msgs/lib:/usr/lib/x86_64-linux-gnu/gazebo-11/plugins:/opt/ros/humble/opt/rviz_ogre_vendor/lib:/opt/ros/humble/lib/x86_64-linux-gnu:/opt/ros/humble/lib:/usr/share/gazebo/../../lib/x86_64-linux-gnu/gazebo-11/plugins PYTHONPATH=/home/seav/project_ws/build/serial_motor_demo/prefix_override:/usr/lib/python3/dist-packages/colcon_core/task/python/colcon_distutils_commands:/home/seav/project_ws/install/serial_motor_demo/lib/python3.10/site-packages:${PYTHONPATH} /usr/bin/python3 -W ignore:setup.py install is deprecated -W ignore:easy_install command is deprecated setup.py develop --editable --build-directory /home/seav/project_ws/build/serial_motor_demo/build --no-deps symlink_data
