[0.008s] Invoking command in '/home/seav/project_ws/build/seav_bot': CMAKE_PREFIX_PATH=${CMAKE_PREFIX_PATH}:/home/seav/project_ws/install/serial_motor_demo:/home/seav/ss25/install/wheel_odometry:/home/seav/ss25/install/seav_nav2:/home/seav/ss25/install/fake_odometry:/home/seav/ss25/install/bringup_pkg:/opt/ros/humble /usr/bin/cmake /home/seav/project_ws/src/my_bot -DCMAKE_INSTALL_PREFIX=/home/seav/project_ws/install/seav_bot
[0.046s] -- Found ament_cmake: 1.3.11 (/opt/ros/humble/share/ament_cmake/cmake)
[0.156s] -- Override CMake install command with custom implementation using symlinks instead of copying resources
[0.162s] -- Found ament_lint_auto: 0.12.12 (/opt/ros/humble/share/ament_lint_auto/cmake)
[0.217s] -- Added test 'copyright' to check source files copyright and LICENSE
[0.218s] -- Added test 'flake8' to check Python code syntax and style conventions
[0.219s] -- Added test 'lint_cmake' to check CMake code style
[0.219s] -- Added test 'pep257' to check Python code against some of the docstring style conventions in PEP 257
[0.220s] -- Added test 'xmllint' to check XML markup files
[0.221s] -- Configuring done
[0.223s] -- Generating done
[0.225s] -- Build files have been written to: /home/seav/project_ws/build/seav_bot
[0.227s] Invoked command in '/home/seav/project_ws/build/seav_bot' returned '0': CMAKE_PREFIX_PATH=${CMAKE_PREFIX_PATH}:/home/seav/project_ws/install/serial_motor_demo:/home/seav/ss25/install/wheel_odometry:/home/seav/ss25/install/seav_nav2:/home/seav/ss25/install/fake_odometry:/home/seav/ss25/install/bringup_pkg:/opt/ros/humble /usr/bin/cmake /home/seav/project_ws/src/my_bot -DCMAKE_INSTALL_PREFIX=/home/seav/project_ws/install/seav_bot
[0.228s] Invoking command in '/home/seav/project_ws/build/seav_bot': CMAKE_PREFIX_PATH=${CMAKE_PREFIX_PATH}:/home/seav/project_ws/install/serial_motor_demo:/home/seav/ss25/install/wheel_odometry:/home/seav/ss25/install/seav_nav2:/home/seav/ss25/install/fake_odometry:/home/seav/ss25/install/bringup_pkg:/opt/ros/humble /usr/bin/cmake --build /home/seav/project_ws/build/seav_bot -- -j8 -l8
[0.258s] Invoked command in '/home/seav/project_ws/build/seav_bot' returned '0': CMAKE_PREFIX_PATH=${CMAKE_PREFIX_PATH}:/home/seav/project_ws/install/serial_motor_demo:/home/seav/ss25/install/wheel_odometry:/home/seav/ss25/install/seav_nav2:/home/seav/ss25/install/fake_odometry:/home/seav/ss25/install/bringup_pkg:/opt/ros/humble /usr/bin/cmake --build /home/seav/project_ws/build/seav_bot -- -j8 -l8
[0.266s] Invoking command in '/home/seav/project_ws/build/seav_bot': CMAKE_PREFIX_PATH=${CMAKE_PREFIX_PATH}:/home/seav/project_ws/install/serial_motor_demo:/home/seav/ss25/install/wheel_odometry:/home/seav/ss25/install/seav_nav2:/home/seav/ss25/install/fake_odometry:/home/seav/ss25/install/bringup_pkg:/opt/ros/humble /usr/bin/cmake --install /home/seav/project_ws/build/seav_bot
[0.272s] -- Install configuration: ""
[0.273s] -- Execute custom install script
[0.273s] -- Up-to-date symlink: /home/seav/project_ws/install/seav_bot/share/seav_bot/config/empty.yaml
[0.273s] -- Up-to-date symlink: /home/seav/project_ws/install/seav_bot/share/seav_bot/config/view_bot.rviz
[0.274s] -- Up-to-date symlink: /home/seav/project_ws/install/seav_bot/share/seav_bot/description/gazebo_control.xacro
[0.274s] -- Up-to-date symlink: /home/seav/project_ws/install/seav_bot/share/seav_bot/description/inertial_macros.xacro
[0.274s] -- Up-to-date symlink: /home/seav/project_ws/install/seav_bot/share/seav_bot/description/lidar.xacro
[0.274s] -- Up-to-date symlink: /home/seav/project_ws/install/seav_bot/share/seav_bot/description/robot.urdf.xacro
[0.274s] -- Up-to-date symlink: /home/seav/project_ws/install/seav_bot/share/seav_bot/description/robot_core.xacro
[0.274s] -- Up-to-date symlink: /home/seav/project_ws/install/seav_bot/share/seav_bot/launch/launch_sim.launch.py
[0.274s] -- Up-to-date symlink: /home/seav/project_ws/install/seav_bot/share/seav_bot/launch/rsp.launch.py
[0.275s] -- Up-to-date symlink: /home/seav/project_ws/install/seav_bot/share/seav_bot/worlds/empty.world
[0.275s] -- Up-to-date symlink: /home/seav/project_ws/install/seav_bot/share/seav_bot/worlds/obstacles.world
[0.275s] -- Up-to-date symlink: /home/seav/project_ws/install/seav_bot/share/ament_index/resource_index/package_run_dependencies/seav_bot
[0.275s] -- Up-to-date symlink: /home/seav/project_ws/install/seav_bot/share/ament_index/resource_index/parent_prefix_path/seav_bot
[0.275s] -- Up-to-date symlink: /home/seav/project_ws/install/seav_bot/share/seav_bot/environment/ament_prefix_path.sh
[0.276s] -- Up-to-date symlink: /home/seav/project_ws/install/seav_bot/share/seav_bot/environment/ament_prefix_path.dsv
[0.276s] -- Up-to-date symlink: /home/seav/project_ws/install/seav_bot/share/seav_bot/environment/path.sh
[0.276s] -- Up-to-date symlink: /home/seav/project_ws/install/seav_bot/share/seav_bot/environment/path.dsv
[0.276s] -- Up-to-date symlink: /home/seav/project_ws/install/seav_bot/share/seav_bot/local_setup.bash
[0.276s] -- Up-to-date symlink: /home/seav/project_ws/install/seav_bot/share/seav_bot/local_setup.sh
[0.276s] -- Up-to-date symlink: /home/seav/project_ws/install/seav_bot/share/seav_bot/local_setup.zsh
[0.276s] -- Up-to-date symlink: /home/seav/project_ws/install/seav_bot/share/seav_bot/local_setup.dsv
[0.276s] -- Symlinking: /home/seav/project_ws/install/seav_bot/share/seav_bot/package.dsv
[0.283s] -- Up-to-date symlink: /home/seav/project_ws/install/seav_bot/share/ament_index/resource_index/packages/seav_bot
[0.283s] -- Up-to-date symlink: /home/seav/project_ws/install/seav_bot/share/seav_bot/cmake/seav_botConfig.cmake
[0.283s] -- Up-to-date symlink: /home/seav/project_ws/install/seav_bot/share/seav_bot/cmake/seav_botConfig-version.cmake
[0.284s] -- Up-to-date symlink: /home/seav/project_ws/install/seav_bot/share/seav_bot/package.xml
[0.285s] Invoked command in '/home/seav/project_ws/build/seav_bot' returned '0': CMAKE_PREFIX_PATH=${CMAKE_PREFIX_PATH}:/home/seav/project_ws/install/serial_motor_demo:/home/seav/ss25/install/wheel_odometry:/home/seav/ss25/install/seav_nav2:/home/seav/ss25/install/fake_odometry:/home/seav/ss25/install/bringup_pkg:/opt/ros/humble /usr/bin/cmake --install /home/seav/project_ws/build/seav_bot
