[0.008s] Invoking command in '/home/seav/project_ws/build/my_bot': CMAKE_PREFIX_PATH=${CMAKE_PREFIX_PATH}:/home/seav/ss25/install/wheel_odometry:/home/seav/ss25/install/seav_nav2:/home/seav/ss25/install/fake_odometry:/home/seav/ss25/install/bringup_pkg:/opt/ros/humble /usr/bin/cmake /home/seav/project_ws/src/my_bot -DAMENT_CMAKE_SYMLINK_INSTALL=1 -DCMAKE_INSTALL_PREFIX=/home/seav/project_ws/install/my_bot
[0.048s] -- The C compiler identification is GNU 11.4.0
[0.089s] -- The CXX compiler identification is GNU 11.4.0
[0.094s] -- Detecting C compiler ABI info
[0.144s] -- Detecting C compiler ABI info - done
[0.150s] -- Check for working C compiler: /usr/bin/cc - skipped
[0.150s] -- Detecting C compile features
[0.150s] -- Detecting C compile features - done
[0.153s] -- Detecting CXX compiler ABI info
[0.210s] -- Detecting CXX compiler ABI info - done
[0.216s] -- Check for working CXX compiler: /usr/bin/c++ - skipped
[0.217s] -- Detecting CXX compile features
[0.217s] -- Detecting CXX compile features - done
[0.223s] -- Found ament_cmake: 1.3.11 (/opt/ros/humble/share/ament_cmake/cmake)
[0.339s] -- Found Python3: /usr/bin/python3 (found version "3.10.12") found components: Interpreter 
[0.393s] -- Override CMake install command with custom implementation using symlinks instead of copying resources
[0.421s] -- Found ament_lint_auto: 0.12.12 (/opt/ros/humble/share/ament_lint_auto/cmake)
[0.487s] -- Added test 'copyright' to check source files copyright and LICENSE
[0.493s] -- Added test 'flake8' to check Python code syntax and style conventions
[0.493s] -- Added test 'lint_cmake' to check CMake code style
[0.494s] -- Added test 'pep257' to check Python code against some of the docstring style conventions in PEP 257
[0.497s] -- Added test 'xmllint' to check XML markup files
[0.498s] -- Configuring done
[0.500s] -- Generating done
[0.501s] -- Build files have been written to: /home/seav/project_ws/build/my_bot
[0.504s] Invoked command in '/home/seav/project_ws/build/my_bot' returned '0': CMAKE_PREFIX_PATH=${CMAKE_PREFIX_PATH}:/home/seav/ss25/install/wheel_odometry:/home/seav/ss25/install/seav_nav2:/home/seav/ss25/install/fake_odometry:/home/seav/ss25/install/bringup_pkg:/opt/ros/humble /usr/bin/cmake /home/seav/project_ws/src/my_bot -DAMENT_CMAKE_SYMLINK_INSTALL=1 -DCMAKE_INSTALL_PREFIX=/home/seav/project_ws/install/my_bot
[0.506s] Invoking command in '/home/seav/project_ws/build/my_bot': CMAKE_PREFIX_PATH=${CMAKE_PREFIX_PATH}:/home/seav/ss25/install/wheel_odometry:/home/seav/ss25/install/seav_nav2:/home/seav/ss25/install/fake_odometry:/home/seav/ss25/install/bringup_pkg:/opt/ros/humble /usr/bin/cmake --build /home/seav/project_ws/build/my_bot -- -j8 -l8
[0.533s] Invoked command in '/home/seav/project_ws/build/my_bot' returned '0': CMAKE_PREFIX_PATH=${CMAKE_PREFIX_PATH}:/home/seav/ss25/install/wheel_odometry:/home/seav/ss25/install/seav_nav2:/home/seav/ss25/install/fake_odometry:/home/seav/ss25/install/bringup_pkg:/opt/ros/humble /usr/bin/cmake --build /home/seav/project_ws/build/my_bot -- -j8 -l8
[0.540s] Invoking command in '/home/seav/project_ws/build/my_bot': CMAKE_PREFIX_PATH=${CMAKE_PREFIX_PATH}:/home/seav/ss25/install/wheel_odometry:/home/seav/ss25/install/seav_nav2:/home/seav/ss25/install/fake_odometry:/home/seav/ss25/install/bringup_pkg:/opt/ros/humble /usr/bin/cmake --install /home/seav/project_ws/build/my_bot
[0.545s] -- Install configuration: ""
[0.545s] -- Execute custom install script
[0.546s] -- Symlinking: /home/seav/project_ws/install/my_bot/share/my_bot/config/empty.yaml
[0.552s] -- Symlinking: /home/seav/project_ws/install/my_bot/share/my_bot/description/robot.urdf.xacro
[0.558s] -- Symlinking: /home/seav/project_ws/install/my_bot/share/my_bot/launch/rsp.launch.py
[0.564s] -- Symlinking: /home/seav/project_ws/install/my_bot/share/my_bot/worlds/empty.world
[0.571s] -- Symlinking: /home/seav/project_ws/install/my_bot/share/ament_index/resource_index/package_run_dependencies/my_bot
[0.577s] -- Symlinking: /home/seav/project_ws/install/my_bot/share/ament_index/resource_index/parent_prefix_path/my_bot
[0.583s] -- Symlinking: /home/seav/project_ws/install/my_bot/share/my_bot/environment/ament_prefix_path.sh
[0.589s] -- Symlinking: /home/seav/project_ws/install/my_bot/share/my_bot/environment/ament_prefix_path.dsv
[0.595s] -- Symlinking: /home/seav/project_ws/install/my_bot/share/my_bot/environment/path.sh
[0.601s] -- Symlinking: /home/seav/project_ws/install/my_bot/share/my_bot/environment/path.dsv
[0.608s] -- Symlinking: /home/seav/project_ws/install/my_bot/share/my_bot/local_setup.bash
[0.614s] -- Symlinking: /home/seav/project_ws/install/my_bot/share/my_bot/local_setup.sh
[0.620s] -- Symlinking: /home/seav/project_ws/install/my_bot/share/my_bot/local_setup.zsh
[0.626s] -- Symlinking: /home/seav/project_ws/install/my_bot/share/my_bot/local_setup.dsv
[0.633s] -- Symlinking: /home/seav/project_ws/install/my_bot/share/my_bot/package.dsv
[0.639s] -- Symlinking: /home/seav/project_ws/install/my_bot/share/ament_index/resource_index/packages/my_bot
[0.645s] -- Symlinking: /home/seav/project_ws/install/my_bot/share/my_bot/cmake/my_botConfig.cmake
[0.652s] -- Symlinking: /home/seav/project_ws/install/my_bot/share/my_bot/cmake/my_botConfig-version.cmake
[0.658s] -- Symlinking: /home/seav/project_ws/install/my_bot/share/my_bot/package.xml
[0.665s] Invoked command in '/home/seav/project_ws/build/my_bot' returned '0': CMAKE_PREFIX_PATH=${CMAKE_PREFIX_PATH}:/home/seav/ss25/install/wheel_odometry:/home/seav/ss25/install/seav_nav2:/home/seav/ss25/install/fake_odometry:/home/seav/ss25/install/bringup_pkg:/opt/ros/humble /usr/bin/cmake --install /home/seav/project_ws/build/my_bot
